<?xml version="1.0" encoding="UTF-8"?>
<!-- Generated by org.testng.reporters.JUnitReportReporter -->
<testsuite hostname="LAPTOP-6CLRAK1K" failures="0" tests="1" name="test.NewTest" time="0.008" errors="0" timestamp="2020-02-23T22:32:56 IST" skipped="0">
  <testcase classname="test.NewTest" name="f" time="0.008"/>
</testsuite> <!-- test.NewTest -->
